\BOOKMARK [1][-]{section.1}{\376\377\000I\000n\000t\000r\000o\000d\000u\000c\000t\000i\000o\000n}{}% 1
\BOOKMARK [1][-]{section.2}{\376\377\000M\000A\000T\000L\000A\000B\000\040\000D\000e\000s\000i\000g\000n\000\040\000M\000e\000t\000h\000o\000d\000o\000l\000o\000g\000y}{}% 2
\BOOKMARK [2][-]{subsection.2.1}{\376\377\000F\000i\000l\000t\000e\000r\000\040\000S\000p\000e\000c\000i\000f\000i\000c\000a\000t\000i\000o\000n}{section.2}% 3
\BOOKMARK [2][-]{subsection.2.2}{\376\377\000Q\000u\000a\000n\000t\000i\000z\000a\000t\000i\000o\000n\000\040\000a\000n\000d\000\040\000F\000i\000x\000e\000d\000-\000P\000o\000i\000n\000t\000\040\000A\000n\000a\000l\000y\000s\000i\000s}{section.2}% 4
\BOOKMARK [1][-]{section.3}{\376\377\000I\000m\000p\000l\000e\000m\000e\000n\000t\000e\000d\000\040\000A\000r\000c\000h\000i\000t\000e\000c\000t\000u\000r\000e\000s}{}% 5
\BOOKMARK [2][-]{subsection.3.1}{\376\377\000B\000a\000s\000e\000l\000i\000n\000e\000\040\000a\000n\000d\000\040\000P\000i\000p\000e\000l\000i\000n\000e\000d\000\040\000D\000e\000s\000i\000g\000n\000s\000\040\000\050\000L\000=\0001\000\051}{section.3}% 6
\BOOKMARK [2][-]{subsection.3.2}{\376\377\000P\000a\000r\000a\000l\000l\000e\000l\000\040\000P\000o\000l\000y\000p\000h\000a\000s\000e\000\040\000A\000r\000c\000h\000i\000t\000e\000c\000t\000u\000r\000e\000s\000\040\000\050\000L\000=\0002\000,\000\040\000L\000=\0003\000\051}{section.3}% 7
\BOOKMARK [2][-]{subsection.3.3}{\376\377\000R\000e\000d\000u\000c\000e\000d\000-\000C\000o\000m\000p\000l\000e\000x\000i\000t\000y\000\040\000P\000a\000r\000a\000l\000l\000e\000l\000\040\000\050\000F\000a\000s\000t\000\040\000F\000I\000R\000\051}{section.3}% 8
\BOOKMARK [1][-]{section.4}{\376\377\000S\000y\000n\000t\000h\000e\000s\000i\000s\000\040\000R\000e\000s\000u\000l\000t\000s}{}% 9
\BOOKMARK [1][-]{section.5}{\376\377\000P\000e\000r\000f\000o\000r\000m\000a\000n\000c\000e\000\040\000A\000n\000a\000l\000y\000s\000i\000s}{}% 10
\BOOKMARK [1][-]{section.6}{\376\377\000C\000o\000n\000c\000l\000u\000s\000i\000o\000n}{}% 11
\BOOKMARK [1][-]{section.7}{\376\377\000F\000u\000n\000c\000t\000i\000o\000n\000a\000l\000\040\000V\000e\000r\000i\000f\000i\000c\000a\000t\000i\000o\000n}{}% 12
\BOOKMARK [2][-]{subsection.7.1}{\376\377\000F\000u\000l\000l\000\040\000S\000i\000g\000n\000a\000l\000\040\000T\000e\000s\000t}{section.7}% 13
\BOOKMARK [3][-]{subsubsection.7.1.1}{\376\377\000D\000i\000r\000e\000c\000t\000\040\000F\000o\000r\000m}{subsection.7.1}% 14
\BOOKMARK [3][-]{subsubsection.7.1.2}{\376\377\000P\000i\000p\000e\000l\000i\000n\000e\000d\000\040\000F\000I\000R}{subsection.7.1}% 15
\BOOKMARK [3][-]{subsubsection.7.1.3}{\376\377\000P\000a\000r\000a\000l\000l\000e\000l\000\040\000L\000=\0002}{subsection.7.1}% 16
\BOOKMARK [3][-]{subsubsection.7.1.4}{\376\377\000F\000a\000s\000t\000\040\000F\000I\000R\000\040\000L\000=\0002}{subsection.7.1}% 17
\BOOKMARK [3][-]{subsubsection.7.1.5}{\376\377\000P\000a\000r\000a\000l\000l\000e\000l\000\040\000L\000=\0003}{subsection.7.1}% 18
\BOOKMARK [3][-]{subsubsection.7.1.6}{\376\377\000F\000a\000s\000t\000\040\000F\000I\000R\000\040\000L\000=\0003}{subsection.7.1}% 19
\BOOKMARK [3][-]{subsubsection.7.1.7}{\376\377\000P\000i\000p\000e\000l\000i\000n\000e\000d\000\040\000F\000a\000s\000t\000\040\000F\000I\000R\000\040\000L\000=\0003}{subsection.7.1}% 20
\BOOKMARK [2][-]{subsection.7.2}{\376\377\000I\000m\000p\000u\000l\000s\000e\000\040\000R\000e\000s\000p\000o\000n\000s\000e}{section.7}% 21
\BOOKMARK [3][-]{subsubsection.7.2.1}{\376\377\000D\000i\000r\000e\000c\000t\000\040\000F\000o\000r\000m}{subsection.7.2}% 22
\BOOKMARK [3][-]{subsubsection.7.2.2}{\376\377\000P\000i\000p\000e\000l\000i\000n\000e\000d\000\040\000F\000I\000R}{subsection.7.2}% 23
\BOOKMARK [3][-]{subsubsection.7.2.3}{\376\377\000P\000a\000r\000a\000l\000l\000e\000l\000\040\000L\000=\0002}{subsection.7.2}% 24
\BOOKMARK [3][-]{subsubsection.7.2.4}{\376\377\000F\000a\000s\000t\000\040\000F\000I\000R\000\040\000L\000=\0002}{subsection.7.2}% 25
\BOOKMARK [3][-]{subsubsection.7.2.5}{\376\377\000P\000a\000r\000a\000l\000l\000e\000l\000\040\000L\000=\0003}{subsection.7.2}% 26
\BOOKMARK [3][-]{subsubsection.7.2.6}{\376\377\000F\000a\000s\000t\000\040\000F\000I\000R\000\040\000L\000=\0003}{subsection.7.2}% 27
\BOOKMARK [3][-]{subsubsection.7.2.7}{\376\377\000P\000i\000p\000e\000l\000i\000n\000e\000d\000\040\000F\000a\000s\000t\000\040\000F\000I\000R\000\040\000L\000=\0003}{subsection.7.2}% 28
\BOOKMARK [2][-]{subsection.7.3}{\376\377\000S\000q\000u\000a\000r\000e\000\040\000W\000a\000v\000e}{section.7}% 29
\BOOKMARK [3][-]{subsubsection.7.3.1}{\376\377\000D\000i\000r\000e\000c\000t\000\040\000F\000o\000r\000m}{subsection.7.3}% 30
\BOOKMARK [3][-]{subsubsection.7.3.2}{\376\377\000P\000i\000p\000e\000l\000i\000n\000e\000d\000\040\000F\000I\000R}{subsection.7.3}% 31
\BOOKMARK [3][-]{subsubsection.7.3.3}{\376\377\000P\000a\000r\000a\000l\000l\000e\000l\000\040\000L\000=\0002}{subsection.7.3}% 32
\BOOKMARK [3][-]{subsubsection.7.3.4}{\376\377\000F\000a\000s\000t\000\040\000F\000I\000R\000\040\000L\000=\0002}{subsection.7.3}% 33
\BOOKMARK [3][-]{subsubsection.7.3.5}{\376\377\000P\000a\000r\000a\000l\000l\000e\000l\000\040\000L\000=\0003}{subsection.7.3}% 34
\BOOKMARK [3][-]{subsubsection.7.3.6}{\376\377\000F\000a\000s\000t\000\040\000F\000I\000R\000\040\000L\000=\0003}{subsection.7.3}% 35
\BOOKMARK [3][-]{subsubsection.7.3.7}{\376\377\000P\000i\000p\000e\000l\000i\000n\000e\000d\000\040\000F\000a\000s\000t\000\040\000F\000I\000R\000\040\000L\000=\0003}{subsection.7.3}% 36
\BOOKMARK [2][-]{subsection.7.4}{\376\377\000L\000o\000w\000\040\000F\000r\000e\000q\000u\000e\000n\000c\000y}{section.7}% 37
\BOOKMARK [3][-]{subsubsection.7.4.1}{\376\377\000D\000i\000r\000e\000c\000t\000\040\000F\000o\000r\000m}{subsection.7.4}% 38
\BOOKMARK [3][-]{subsubsection.7.4.2}{\376\377\000P\000i\000p\000e\000l\000i\000n\000e\000d\000\040\000F\000I\000R}{subsection.7.4}% 39
\BOOKMARK [3][-]{subsubsection.7.4.3}{\376\377\000P\000a\000r\000a\000l\000l\000e\000l\000\040\000L\000=\0002}{subsection.7.4}% 40
\BOOKMARK [3][-]{subsubsection.7.4.4}{\376\377\000F\000a\000s\000t\000\040\000F\000I\000R\000\040\000L\000=\0002}{subsection.7.4}% 41
\BOOKMARK [3][-]{subsubsection.7.4.5}{\376\377\000P\000a\000r\000a\000l\000l\000e\000l\000\040\000L\000=\0003}{subsection.7.4}% 42
\BOOKMARK [3][-]{subsubsection.7.4.6}{\376\377\000F\000a\000s\000t\000\040\000F\000I\000R\000\040\000L\000=\0003}{subsection.7.4}% 43
\BOOKMARK [3][-]{subsubsection.7.4.7}{\376\377\000P\000i\000p\000e\000l\000i\000n\000e\000d\000\040\000F\000a\000s\000t\000\040\000F\000I\000R\000\040\000L\000=\0003}{subsection.7.4}% 44
\BOOKMARK [2][-]{subsection.7.5}{\376\377\000H\000i\000g\000h\000\040\000F\000r\000e\000q\000u\000e\000n\000c\000y}{section.7}% 45
\BOOKMARK [3][-]{subsubsection.7.5.1}{\376\377\000D\000i\000r\000e\000c\000t\000\040\000F\000o\000r\000m}{subsection.7.5}% 46
\BOOKMARK [3][-]{subsubsection.7.5.2}{\376\377\000P\000i\000p\000e\000l\000i\000n\000e\000d\000\040\000F\000I\000R}{subsection.7.5}% 47
\BOOKMARK [3][-]{subsubsection.7.5.3}{\376\377\000P\000a\000r\000a\000l\000l\000e\000l\000\040\000L\000=\0002}{subsection.7.5}% 48
\BOOKMARK [3][-]{subsubsection.7.5.4}{\376\377\000F\000a\000s\000t\000\040\000F\000I\000R\000\040\000L\000=\0002}{subsection.7.5}% 49
\BOOKMARK [3][-]{subsubsection.7.5.5}{\376\377\000P\000a\000r\000a\000l\000l\000e\000l\000\040\000L\000=\0003}{subsection.7.5}% 50
\BOOKMARK [3][-]{subsubsection.7.5.6}{\376\377\000F\000a\000s\000t\000\040\000F\000I\000R\000\040\000L\000=\0003}{subsection.7.5}% 51
\BOOKMARK [3][-]{subsubsection.7.5.7}{\376\377\000P\000i\000p\000e\000l\000i\000n\000e\000d\000\040\000F\000a\000s\000t\000\040\000F\000I\000R\000\040\000L\000=\0003}{subsection.7.5}% 52
\BOOKMARK [2][-]{subsection.7.6}{\376\377\000Q\000u\000a\000n\000t\000i\000z\000e\000d\000\040\000P\000e\000r\000f\000o\000r\000m\000a\000n\000c\000e}{section.7}% 53
\BOOKMARK [3][-]{subsubsection.7.6.1}{\376\377\000D\000i\000r\000e\000c\000t\000\040\000F\000o\000r\000m}{subsection.7.6}% 54
\BOOKMARK [3][-]{subsubsection.7.6.2}{\376\377\000P\000i\000p\000e\000l\000i\000n\000e\000d\000\040\000F\000I\000R}{subsection.7.6}% 55
\BOOKMARK [3][-]{subsubsection.7.6.3}{\376\377\000P\000a\000r\000a\000l\000l\000e\000l\000\040\000L\000=\0002}{subsection.7.6}% 56
\BOOKMARK [3][-]{subsubsection.7.6.4}{\376\377\000F\000a\000s\000t\000\040\000F\000I\000R\000\040\000L\000=\0002}{subsection.7.6}% 57
\BOOKMARK [3][-]{subsubsection.7.6.5}{\376\377\000P\000a\000r\000a\000l\000l\000e\000l\000\040\000L\000=\0003}{subsection.7.6}% 58
\BOOKMARK [3][-]{subsubsection.7.6.6}{\376\377\000F\000a\000s\000t\000\040\000F\000I\000R\000\040\000L\000=\0003}{subsection.7.6}% 59
\BOOKMARK [3][-]{subsubsection.7.6.7}{\376\377\000P\000i\000p\000e\000l\000i\000n\000e\000d\000\040\000F\000a\000s\000t\000\040\000F\000I\000R\000\040\000L\000=\0003}{subsection.7.6}% 60
\BOOKMARK [2][-]{subsection.7.7}{\376\377\000N\000o\000i\000s\000y\000\040\000S\000i\000g\000n\000a\000l}{section.7}% 61
\BOOKMARK [3][-]{subsubsection.7.7.1}{\376\377\000D\000i\000r\000e\000c\000t\000\040\000F\000o\000r\000m}{subsection.7.7}% 62
\BOOKMARK [3][-]{subsubsection.7.7.2}{\376\377\000P\000i\000p\000e\000l\000i\000n\000e\000d\000\040\000F\000I\000R}{subsection.7.7}% 63
\BOOKMARK [3][-]{subsubsection.7.7.3}{\376\377\000P\000a\000r\000a\000l\000l\000e\000l\000\040\000L\000=\0002}{subsection.7.7}% 64
\BOOKMARK [3][-]{subsubsection.7.7.4}{\376\377\000F\000a\000s\000t\000\040\000F\000I\000R\000\040\000L\000=\0002}{subsection.7.7}% 65
\BOOKMARK [3][-]{subsubsection.7.7.5}{\376\377\000P\000a\000r\000a\000l\000l\000e\000l\000\040\000L\000=\0003}{subsection.7.7}% 66
\BOOKMARK [3][-]{subsubsection.7.7.6}{\376\377\000F\000a\000s\000t\000\040\000F\000I\000R\000\040\000L\000=\0003}{subsection.7.7}% 67
\BOOKMARK [3][-]{subsubsection.7.7.7}{\376\377\000P\000i\000p\000e\000l\000i\000n\000e\000d\000\040\000F\000a\000s\000t\000\040\000F\000I\000R\000\040\000L\000=\0003}{subsection.7.7}% 68
\BOOKMARK [2][-]{subsection.7.8}{\376\377\000P\000i\000p\000e\000l\000i\000n\000e\000\040\000L\000a\000t\000e\000n\000c\000y}{section.7}% 69
\BOOKMARK [3][-]{subsubsection.7.8.1}{\376\377\000D\000i\000r\000e\000c\000t\000\040\000F\000o\000r\000m}{subsection.7.8}% 70
\BOOKMARK [3][-]{subsubsection.7.8.2}{\376\377\000P\000i\000p\000e\000l\000i\000n\000e\000d\000\040\000F\000I\000R}{subsection.7.8}% 71
\BOOKMARK [3][-]{subsubsection.7.8.3}{\376\377\000P\000a\000r\000a\000l\000l\000e\000l\000\040\000L\000=\0002}{subsection.7.8}% 72
\BOOKMARK [3][-]{subsubsection.7.8.4}{\376\377\000F\000a\000s\000t\000\040\000F\000I\000R\000\040\000L\000=\0002}{subsection.7.8}% 73
\BOOKMARK [3][-]{subsubsection.7.8.5}{\376\377\000P\000a\000r\000a\000l\000l\000e\000l\000\040\000L\000=\0003}{subsection.7.8}% 74
\BOOKMARK [3][-]{subsubsection.7.8.6}{\376\377\000F\000a\000s\000t\000\040\000F\000I\000R\000\040\000L\000=\0003}{subsection.7.8}% 75
\BOOKMARK [3][-]{subsubsection.7.8.7}{\376\377\000P\000i\000p\000e\000l\000i\000n\000e\000d\000\040\000F\000a\000s\000t\000\040\000F\000I\000R\000\040\000L\000=\0003}{subsection.7.8}% 76
